【alloc.h:245】__DefaultAllocTemplate<0,0>::Allocate二级空间配置器开辟130个字节的空间
【alloc.h:248】__DefaultAllocTemplate<0,0>::Allocate二级空间配置器调用一级空间配置器
【alloc.h:79】__MallocAllocTemplate<0>::Allocate一级空间配置器开辟空间：130个
【alloc.h:245】__DefaultAllocTemplate<0,0>::Allocate二级空间配置器开辟30个字节的空间
【alloc.h:217】__DefaultAllocTemplate<0,0>::Refile自由链表的3位置没有空的缓冲块可供使用，填充20个
【alloc.h:179】__DefaultAllocTemplate<0,0>::ChunkAlloc内存池中没有内存，malloc申请1280个字节
【alloc.h:206】__DefaultAllocTemplate<0,0>::ChunkAlloc空间申请成功
【alloc.h:148】__DefaultAllocTemplate<0,0>::ChunkAlloc有1280个字节，足以满足需要的640个字节，可以分配20个对象
【alloc.h:245】__DefaultAllocTemplate<0,0>::Allocate二级空间配置器开辟30个字节的空间
【alloc.h:256】__DefaultAllocTemplate<0,0>::Allocate自由链表的3位置还有空的缓冲块可供使用
【alloc.h:245】__DefaultAllocTemplate<0,0>::Allocate二级空间配置器开辟30个字节的空间
【alloc.h:217】__DefaultAllocTemplate<0,0>::Refile自由链表的3位置没有空的缓冲块可供使用，填充20个
【alloc.h:148】__DefaultAllocTemplate<0,0>::ChunkAlloc有640个字节，足以满足需要的640个字节，可以分配20个对象
【alloc.h:245】__DefaultAllocTemplate<0,0>::Allocate二级空间配置器开辟30个字节的空间
【alloc.h:256】__DefaultAllocTemplate<0,0>::Allocate自由链表的3位置还有空的缓冲块可供使用
【alloc.h:245】__DefaultAllocTemplate<0,0>::Allocate二级空间配置器开辟30个字节的空间
【alloc.h:217】__DefaultAllocTemplate<0,0>::Refile自由链表的3位置没有空的缓冲块可供使用，填充20个
【alloc.h:179】__DefaultAllocTemplate<0,0>::ChunkAlloc内存池中没有内存，malloc申请1360个字节
【alloc.h:206】__DefaultAllocTemplate<0,0>::ChunkAlloc空间申请成功
【alloc.h:148】__DefaultAllocTemplate<0,0>::ChunkAlloc有1360个字节，足以满足需要的640个字节，可以分配20个对象
【alloc.h:245】__DefaultAllocTemplate<0,0>::Allocate二级空间配置器开辟30个字节的空间
【alloc.h:256】__DefaultAllocTemplate<0,0>::Allocate自由链表的3位置还有空的缓冲块可供使用
【alloc.h:245】__DefaultAllocTemplate<0,0>::Allocate二级空间配置器开辟30个字节的空间
【alloc.h:217】__DefaultAllocTemplate<0,0>::Refile自由链表的3位置没有空的缓冲块可供使用，填充20个
【alloc.h:148】__DefaultAllocTemplate<0,0>::ChunkAlloc有720个字节，足以满足需要的640个字节，可以分配20个对象
【alloc.h:245】__DefaultAllocTemplate<0,0>::Allocate二级空间配置器开辟30个字节的空间
【alloc.h:256】__DefaultAllocTemplate<0,0>::Allocate自由链表的3位置还有空的缓冲块可供使用
【alloc.h:245】__DefaultAllocTemplate<0,0>::Allocate二级空间配置器开辟30个字节的空间
【alloc.h:217】__DefaultAllocTemplate<0,0>::Refile自由链表的3位置没有空的缓冲块可供使用，填充20个
【alloc.h:155】__DefaultAllocTemplate<0,0>::ChunkAlloc有80个字节，不能满足需要的640个字节，只能分配20个对象
【alloc.h:245】__DefaultAllocTemplate<0,0>::Allocate二级空间配置器开辟30个字节的空间
【alloc.h:256】__DefaultAllocTemplate<0,0>::Allocate自由链表的3位置还有空的缓冲块可供使用
【alloc.h:245】__DefaultAllocTemplate<0,0>::Allocate二级空间配置器开辟30个字节的空间
【alloc.h:217】__DefaultAllocTemplate<0,0>::Refile自由链表的3位置没有空的缓冲块可供使用，填充20个
【alloc.h:170】__DefaultAllocTemplate<0,0>::ChunkAlloc内存池中还有内存，它将被挂在自由链表的1位置下
【alloc.h:179】__DefaultAllocTemplate<0,0>::ChunkAlloc内存池中没有内存，malloc申请1448个字节
【alloc.h:206】__DefaultAllocTemplate<0,0>::ChunkAlloc空间申请成功
【alloc.h:148】__DefaultAllocTemplate<0,0>::ChunkAlloc有1448个字节，足以满足需要的640个字节，可以分配20个对象
【alloc.h:245】__DefaultAllocTemplate<0,0>::Allocate二级空间配置器开辟30个字节的空间
【alloc.h:256】__DefaultAllocTemplate<0,0>::Allocate自由链表的3位置还有空的缓冲块可供使用
【alloc.h:245】__DefaultAllocTemplate<0,0>::Allocate二级空间配置器开辟30个字节的空间
【alloc.h:217】__DefaultAllocTemplate<0,0>::Refile自由链表的3位置没有空的缓冲块可供使用，填充20个
【alloc.h:148】__DefaultAllocTemplate<0,0>::ChunkAlloc有808个字节，足以满足需要的640个字节，可以分配20个对象
【alloc.h:245】__DefaultAllocTemplate<0,0>::Allocate二级空间配置器开辟30个字节的空间
【alloc.h:256】__DefaultAllocTemplate<0,0>::Allocate自由链表的3位置还有空的缓冲块可供使用
【alloc.h:245】__DefaultAllocTemplate<0,0>::Allocate二级空间配置器开辟30个字节的空间
【alloc.h:217】__DefaultAllocTemplate<0,0>::Refile自由链表的3位置没有空的缓冲块可供使用，填充20个
【alloc.h:155】__DefaultAllocTemplate<0,0>::ChunkAlloc有168个字节，不能满足需要的640个字节，只能分配20个对象
【alloc.h:245】__DefaultAllocTemplate<0,0>::Allocate二级空间配置器开辟30个字节的空间
【alloc.h:256】__DefaultAllocTemplate<0,0>::Allocate自由链表的3位置还有空的缓冲块可供使用
【alloc.h:245】__DefaultAllocTemplate<0,0>::Allocate二级空间配置器开辟30个字节的空间
【alloc.h:217】__DefaultAllocTemplate<0,0>::Refile自由链表的3位置没有空的缓冲块可供使用，填充20个
【alloc.h:170】__DefaultAllocTemplate<0,0>::ChunkAlloc内存池中还有内存，它将被挂在自由链表的0位置下
【alloc.h:179】__DefaultAllocTemplate<0,0>::ChunkAlloc内存池中没有内存，malloc申请1536个字节
【alloc.h:206】__DefaultAllocTemplate<0,0>::ChunkAlloc空间申请成功
【alloc.h:148】__DefaultAllocTemplate<0,0>::ChunkAlloc有1536个字节，足以满足需要的640个字节，可以分配20个对象
【alloc.h:245】__DefaultAllocTemplate<0,0>::Allocate二级空间配置器开辟30个字节的空间
【alloc.h:256】__DefaultAllocTemplate<0,0>::Allocate自由链表的3位置还有空的缓冲块可供使用
【alloc.h:245】__DefaultAllocTemplate<0,0>::Allocate二级空间配置器开辟30个字节的空间
【alloc.h:217】__DefaultAllocTemplate<0,0>::Refile自由链表的3位置没有空的缓冲块可供使用，填充20个
【alloc.h:148】__DefaultAllocTemplate<0,0>::ChunkAlloc有896个字节，足以满足需要的640个字节，可以分配20个对象
【alloc.h:245】__DefaultAllocTemplate<0,0>::Allocate二级空间配置器开辟30个字节的空间
【alloc.h:256】__DefaultAllocTemplate<0,0>::Allocate自由链表的3位置还有空的缓冲块可供使用
【alloc.h:245】__DefaultAllocTemplate<0,0>::Allocate二级空间配置器开辟30个字节的空间
【alloc.h:217】__DefaultAllocTemplate<0,0>::Refile自由链表的3位置没有空的缓冲块可供使用，填充20个
【alloc.h:155】__DefaultAllocTemplate<0,0>::ChunkAlloc有256个字节，不能满足需要的640个字节，只能分配20个对象
【alloc.h:245】__DefaultAllocTemplate<0,0>::Allocate二级空间配置器开辟30个字节的空间
【alloc.h:256】__DefaultAllocTemplate<0,0>::Allocate自由链表的3位置还有空的缓冲块可供使用
【alloc.h:245】__DefaultAllocTemplate<0,0>::Allocate二级空间配置器开辟30个字节的空间
【alloc.h:217】__DefaultAllocTemplate<0,0>::Refile自由链表的3位置没有空的缓冲块可供使用，填充20个
【alloc.h:179】__DefaultAllocTemplate<0,0>::ChunkAlloc内存池中没有内存，malloc申请1632个字节
【alloc.h:206】__DefaultAllocTemplate<0,0>::ChunkAlloc空间申请成功
【alloc.h:148】__DefaultAllocTemplate<0,0>::ChunkAlloc有1632个字节，足以满足需要的640个字节，可以分配20个对象
【alloc.h:245】__DefaultAllocTemplate<0,0>::Allocate二级空间配置器开辟30个字节的空间
【alloc.h:256】__DefaultAllocTemplate<0,0>::Allocate自由链表的3位置还有空的缓冲块可供使用
【alloc.h:245】__DefaultAllocTemplate<0,0>::Allocate二级空间配置器开辟30个字节的空间
【alloc.h:217】__DefaultAllocTemplate<0,0>::Refile自由链表的3位置没有空的缓冲块可供使用，填充20个
【alloc.h:148】__DefaultAllocTemplate<0,0>::ChunkAlloc有992个字节，足以满足需要的640个字节，可以分配20个对象
【alloc.h:245】__DefaultAllocTemplate<0,0>::Allocate二级空间配置器开辟30个字节的空间
【alloc.h:256】__DefaultAllocTemplate<0,0>::Allocate自由链表的3位置还有空的缓冲块可供使用
【alloc.h:245】__DefaultAllocTemplate<0,0>::Allocate二级空间配置器开辟30个字节的空间
【alloc.h:217】__DefaultAllocTemplate<0,0>::Refile自由链表的3位置没有空的缓冲块可供使用，填充20个
【alloc.h:155】__DefaultAllocTemplate<0,0>::ChunkAlloc有352个字节，不能满足需要的640个字节，只能分配20个对象
【alloc.h:245】__DefaultAllocTemplate<0,0>::Allocate二级空间配置器开辟30个字节的空间
【alloc.h:256】__DefaultAllocTemplate<0,0>::Allocate自由链表的3位置还有空的缓冲块可供使用
【alloc.h:245】__DefaultAllocTemplate<0,0>::Allocate二级空间配置器开辟30个字节的空间
【alloc.h:217】__DefaultAllocTemplate<0,0>::Refile自由链表的3位置没有空的缓冲块可供使用，填充20个
【alloc.h:179】__DefaultAllocTemplate<0,0>::ChunkAlloc内存池中没有内存，malloc申请1736个字节
【alloc.h:206】__DefaultAllocTemplate<0,0>::ChunkAlloc空间申请成功
【alloc.h:148】__DefaultAllocTemplate<0,0>::ChunkAlloc有1736个字节，足以满足需要的640个字节，可以分配20个对象
【alloc.h:245】__DefaultAllocTemplate<0,0>::Allocate二级空间配置器开辟30个字节的空间
【alloc.h:256】__DefaultAllocTemplate<0,0>::Allocate自由链表的3位置还有空的缓冲块可供使用
【alloc.h:245】__DefaultAllocTemplate<0,0>::Allocate二级空间配置器开辟30个字节的空间
【alloc.h:217】__DefaultAllocTemplate<0,0>::Refile自由链表的3位置没有空的缓冲块可供使用，填充20个
【alloc.h:148】__DefaultAllocTemplate<0,0>::ChunkAlloc有1096个字节，足以满足需要的640个字节，可以分配20个对象
【alloc.h:245】__DefaultAllocTemplate<0,0>::Allocate二级空间配置器开辟30个字节的空间
【alloc.h:256】__DefaultAllocTemplate<0,0>::Allocate自由链表的3位置还有空的缓冲块可供使用
【alloc.h:245】__DefaultAllocTemplate<0,0>::Allocate二级空间配置器开辟30个字节的空间
【alloc.h:217】__DefaultAllocTemplate<0,0>::Refile自由链表的3位置没有空的缓冲块可供使用，填充20个
【alloc.h:155】__DefaultAllocTemplate<0,0>::ChunkAlloc有456个字节，不能满足需要的640个字节，只能分配20个对象
【alloc.h:245】__DefaultAllocTemplate<0,0>::Allocate二级空间配置器开辟30个字节的空间
【alloc.h:256】__DefaultAllocTemplate<0,0>::Allocate自由链表的3位置还有空的缓冲块可供使用
【alloc.h:245】__DefaultAllocTemplate<0,0>::Allocate二级空间配置器开辟30个字节的空间
【alloc.h:217】__DefaultAllocTemplate<0,0>::Refile自由链表的3位置没有空的缓冲块可供使用，填充20个
【alloc.h:170】__DefaultAllocTemplate<0,0>::ChunkAlloc内存池中还有内存，它将被挂在自由链表的0位置下
【alloc.h:179】__DefaultAllocTemplate<0,0>::ChunkAlloc内存池中没有内存，malloc申请1848个字节
【alloc.h:206】__DefaultAllocTemplate<0,0>::ChunkAlloc空间申请成功
【alloc.h:148】__DefaultAllocTemplate<0,0>::ChunkAlloc有1848个字节，足以满足需要的640个字节，可以分配20个对象
【alloc.h:245】__DefaultAllocTemplate<0,0>::Allocate二级空间配置器开辟30个字节的空间
【alloc.h:256】__DefaultAllocTemplate<0,0>::Allocate自由链表的3位置还有空的缓冲块可供使用
【alloc.h:245】__DefaultAllocTemplate<0,0>::Allocate二级空间配置器开辟30个字节的空间
【alloc.h:217】__DefaultAllocTemplate<0,0>::Refile自由链表的3位置没有空的缓冲块可供使用，填充20个
【alloc.h:148】__DefaultAllocTemplate<0,0>::ChunkAlloc有1208个字节，足以满足需要的640个字节，可以分配20个对象
【alloc.h:245】__DefaultAllocTemplate<0,0>::Allocate二级空间配置器开辟30个字节的空间
【alloc.h:256】__DefaultAllocTemplate<0,0>::Allocate自由链表的3位置还有空的缓冲块可供使用
【alloc.h:245】__DefaultAllocTemplate<0,0>::Allocate二级空间配置器开辟30个字节的空间
【alloc.h:217】__DefaultAllocTemplate<0,0>::Refile自由链表的3位置没有空的缓冲块可供使用，填充20个
【alloc.h:155】__DefaultAllocTemplate<0,0>::ChunkAlloc有568个字节，不能满足需要的640个字节，只能分配20个对象
【alloc.h:245】__DefaultAllocTemplate<0,0>::Allocate二级空间配置器开辟30个字节的空间
【alloc.h:256】__DefaultAllocTemplate<0,0>::Allocate自由链表的3位置还有空的缓冲块可供使用
【alloc.h:245】__DefaultAllocTemplate<0,0>::Allocate二级空间配置器开辟30个字节的空间
【alloc.h:217】__DefaultAllocTemplate<0,0>::Refile自由链表的3位置没有空的缓冲块可供使用，填充20个
【alloc.h:170】__DefaultAllocTemplate<0,0>::ChunkAlloc内存池中还有内存，它将被挂在自由链表的2位置下
【alloc.h:179】__DefaultAllocTemplate<0,0>::ChunkAlloc内存池中没有内存，malloc申请1960个字节
【alloc.h:206】__DefaultAllocTemplate<0,0>::ChunkAlloc空间申请成功
【alloc.h:148】__DefaultAllocTemplate<0,0>::ChunkAlloc有1960个字节，足以满足需要的640个字节，可以分配20个对象
【alloc.h:245】__DefaultAllocTemplate<0,0>::Allocate二级空间配置器开辟30个字节的空间
【alloc.h:256】__DefaultAllocTemplate<0,0>::Allocate自由链表的3位置还有空的缓冲块可供使用
【alloc.h:245】__DefaultAllocTemplate<0,0>::Allocate二级空间配置器开辟30个字节的空间
【alloc.h:217】__DefaultAllocTemplate<0,0>::Refile自由链表的3位置没有空的缓冲块可供使用，填充20个
【alloc.h:148】__DefaultAllocTemplate<0,0>::ChunkAlloc有1320个字节，足以满足需要的640个字节，可以分配20个对象
【alloc.h:245】__DefaultAllocTemplate<0,0>::Allocate二级空间配置器开辟30个字节的空间
【alloc.h:256】__DefaultAllocTemplate<0,0>::Allocate自由链表的3位置还有空的缓冲块可供使用
【alloc.h:245】__DefaultAllocTemplate<0,0>::Allocate二级空间配置器开辟30个字节的空间
【alloc.h:217】__DefaultAllocTemplate<0,0>::Refile自由链表的3位置没有空的缓冲块可供使用，填充20个
【alloc.h:148】__DefaultAllocTemplate<0,0>::ChunkAlloc有680个字节，足以满足需要的640个字节，可以分配20个对象
【alloc.h:245】__DefaultAllocTemplate<0,0>::Allocate二级空间配置器开辟30个字节的空间
【alloc.h:256】__DefaultAllocTemplate<0,0>::Allocate自由链表的3位置还有空的缓冲块可供使用
【alloc.h:245】__DefaultAllocTemplate<0,0>::Allocate二级空间配置器开辟30个字节的空间
【alloc.h:217】__DefaultAllocTemplate<0,0>::Refile自由链表的3位置没有空的缓冲块可供使用，填充20个
【alloc.h:155】__DefaultAllocTemplate<0,0>::ChunkAlloc有40个字节，不能满足需要的640个字节，只能分配20个对象
【alloc.h:245】__DefaultAllocTemplate<0,0>::Allocate二级空间配置器开辟30个字节的空间
【alloc.h:217】__DefaultAllocTemplate<0,0>::Refile自由链表的3位置没有空的缓冲块可供使用，填充20个
【alloc.h:170】__DefaultAllocTemplate<0,0>::ChunkAlloc内存池中还有内存，它将被挂在自由链表的0位置下
【alloc.h:179】__DefaultAllocTemplate<0,0>::ChunkAlloc内存池中没有内存，malloc申请2080个字节
【alloc.h:206】__DefaultAllocTemplate<0,0>::ChunkAlloc空间申请成功
【alloc.h:148】__DefaultAllocTemplate<0,0>::ChunkAlloc有2080个字节，足以满足需要的640个字节，可以分配20个对象
【alloc.h:245】__DefaultAllocTemplate<0,0>::Allocate二级空间配置器开辟30个字节的空间
【alloc.h:256】__DefaultAllocTemplate<0,0>::Allocate自由链表的3位置还有空的缓冲块可供使用
【alloc.h:245】__DefaultAllocTemplate<0,0>::Allocate二级空间配置器开辟30个字节的空间
【alloc.h:217】__DefaultAllocTemplate<0,0>::Refile自由链表的3位置没有空的缓冲块可供使用，填充20个
【alloc.h:148】__DefaultAllocTemplate<0,0>::ChunkAlloc有1440个字节，足以满足需要的640个字节，可以分配20个对象
【alloc.h:245】__DefaultAllocTemplate<0,0>::Allocate二级空间配置器开辟30个字节的空间
【alloc.h:256】__DefaultAllocTemplate<0,0>::Allocate自由链表的3位置还有空的缓冲块可供使用
【alloc.h:245】__DefaultAllocTemplate<0,0>::Allocate二级空间配置器开辟30个字节的空间
【alloc.h:217】__DefaultAllocTemplate<0,0>::Refile自由链表的3位置没有空的缓冲块可供使用，填充20个
【alloc.h:148】__DefaultAllocTemplate<0,0>::ChunkAlloc有800个字节，足以满足需要的640个字节，可以分配20个对象
【alloc.h:245】__DefaultAllocTemplate<0,0>::Allocate二级空间配置器开辟30个字节的空间
【alloc.h:256】__DefaultAllocTemplate<0,0>::Allocate自由链表的3位置还有空的缓冲块可供使用
【alloc.h:245】__DefaultAllocTemplate<0,0>::Allocate二级空间配置器开辟30个字节的空间
【alloc.h:217】__DefaultAllocTemplate<0,0>::Refile自由链表的3位置没有空的缓冲块可供使用，填充20个
【alloc.h:155】__DefaultAllocTemplate<0,0>::ChunkAlloc有160个字节，不能满足需要的640个字节，只能分配20个对象
【alloc.h:245】__DefaultAllocTemplate<0,0>::Allocate二级空间配置器开辟30个字节的空间
【alloc.h:256】__DefaultAllocTemplate<0,0>::Allocate自由链表的3位置还有空的缓冲块可供使用
【alloc.h:245】__DefaultAllocTemplate<0,0>::Allocate二级空间配置器开辟30个字节的空间
【alloc.h:217】__DefaultAllocTemplate<0,0>::Refile自由链表的3位置没有空的缓冲块可供使用，填充20个
【alloc.h:179】__DefaultAllocTemplate<0,0>::ChunkAlloc内存池中没有内存，malloc申请2216个字节
【alloc.h:206】__DefaultAllocTemplate<0,0>::ChunkAlloc空间申请成功
【alloc.h:148】__DefaultAllocTemplate<0,0>::ChunkAlloc有2216个字节，足以满足需要的640个字节，可以分配20个对象
【alloc.h:245】__DefaultAllocTemplate<0,0>::Allocate二级空间配置器开辟30个字节的空间
【alloc.h:256】__DefaultAllocTemplate<0,0>::Allocate自由链表的3位置还有空的缓冲块可供使用
【alloc.h:245】__DefaultAllocTemplate<0,0>::Allocate二级空间配置器开辟30个字节的空间
【alloc.h:217】__DefaultAllocTemplate<0,0>::Refile自由链表的3位置没有空的缓冲块可供使用，填充20个
【alloc.h:148】__DefaultAllocTemplate<0,0>::ChunkAlloc有1576个字节，足以满足需要的640个字节，可以分配20个对象
【alloc.h:245】__DefaultAllocTemplate<0,0>::Allocate二级空间配置器开辟30个字节的空间
【alloc.h:256】__DefaultAllocTemplate<0,0>::Allocate自由链表的3位置还有空的缓冲块可供使用
【alloc.h:245】__DefaultAllocTemplate<0,0>::Allocate二级空间配置器开辟30个字节的空间
【alloc.h:217】__DefaultAllocTemplate<0,0>::Refile自由链表的3位置没有空的缓冲块可供使用，填充20个
【alloc.h:148】__DefaultAllocTemplate<0,0>::ChunkAlloc有936个字节，足以满足需要的640个字节，可以分配20个对象
【alloc.h:245】__DefaultAllocTemplate<0,0>::Allocate二级空间配置器开辟30个字节的空间
【alloc.h:256】__DefaultAllocTemplate<0,0>::Allocate自由链表的3位置还有空的缓冲块可供使用
【alloc.h:245】__DefaultAllocTemplate<0,0>::Allocate二级空间配置器开辟30个字节的空间
【alloc.h:217】__DefaultAllocTemplate<0,0>::Refile自由链表的3位置没有空的缓冲块可供使用，填充20个
【alloc.h:155】__DefaultAllocTemplate<0,0>::ChunkAlloc有296个字节，不能满足需要的640个字节，只能分配20个对象
【alloc.h:245】__DefaultAllocTemplate<0,0>::Allocate二级空间配置器开辟30个字节的空间
【alloc.h:256】__DefaultAllocTemplate<0,0>::Allocate自由链表的3位置还有空的缓冲块可供使用
【alloc.h:245】__DefaultAllocTemplate<0,0>::Allocate二级空间配置器开辟30个字节的空间
【alloc.h:217】__DefaultAllocTemplate<0,0>::Refile自由链表的3位置没有空的缓冲块可供使用，填充20个
【alloc.h:170】__DefaultAllocTemplate<0,0>::ChunkAlloc内存池中还有内存，它将被挂在自由链表的0位置下
【alloc.h:179】__DefaultAllocTemplate<0,0>::ChunkAlloc内存池中没有内存，malloc申请2352个字节
【alloc.h:206】__DefaultAllocTemplate<0,0>::ChunkAlloc空间申请成功
【alloc.h:148】__DefaultAllocTemplate<0,0>::ChunkAlloc有2352个字节，足以满足需要的640个字节，可以分配20个对象
【alloc.h:245】__DefaultAllocTemplate<0,0>::Allocate二级空间配置器开辟30个字节的空间
【alloc.h:256】__DefaultAllocTemplate<0,0>::Allocate自由链表的3位置还有空的缓冲块可供使用
【alloc.h:245】__DefaultAllocTemplate<0,0>::Allocate二级空间配置器开辟30个字节的空间
【alloc.h:217】__DefaultAllocTemplate<0,0>::Refile自由链表的3位置没有空的缓冲块可供使用，填充20个
【alloc.h:148】__DefaultAllocTemplate<0,0>::ChunkAlloc有1712个字节，足以满足需要的640个字节，可以分配20个对象
【alloc.h:245】__DefaultAllocTemplate<0,0>::Allocate二级空间配置器开辟30个字节的空间
【alloc.h:256】__DefaultAllocTemplate<0,0>::Allocate自由链表的3位置还有空的缓冲块可供使用
【alloc.h:245】__DefaultAllocTemplate<0,0>::Allocate二级空间配置器开辟30个字节的空间
【alloc.h:217】__DefaultAllocTemplate<0,0>::Refile自由链表的3位置没有空的缓冲块可供使用，填充20个
【alloc.h:148】__DefaultAllocTemplate<0,0>::ChunkAlloc有1072个字节，足以满足需要的640个字节，可以分配20个对象
【alloc.h:245】__DefaultAllocTemplate<0,0>::Allocate二级空间配置器开辟30个字节的空间
【alloc.h:256】__DefaultAllocTemplate<0,0>::Allocate自由链表的3位置还有空的缓冲块可供使用
【alloc.h:245】__DefaultAllocTemplate<0,0>::Allocate二级空间配置器开辟30个字节的空间
【alloc.h:217】__DefaultAllocTemplate<0,0>::Refile自由链表的3位置没有空的缓冲块可供使用，填充20个
【alloc.h:155】__DefaultAllocTemplate<0,0>::ChunkAlloc有432个字节，不能满足需要的640个字节，只能分配20个对象
【alloc.h:245】__DefaultAllocTemplate<0,0>::Allocate二级空间配置器开辟30个字节的空间
【alloc.h:256】__DefaultAllocTemplate<0,0>::Allocate自由链表的3位置还有空的缓冲块可供使用
【alloc.h:245】__DefaultAllocTemplate<0,0>::Allocate二级空间配置器开辟30个字节的空间
【alloc.h:217】__DefaultAllocTemplate<0,0>::Refile自由链表的3位置没有空的缓冲块可供使用，填充20个
【alloc.h:170】__DefaultAllocTemplate<0,0>::ChunkAlloc内存池中还有内存，它将被挂在自由链表的1位置下
【alloc.h:179】__DefaultAllocTemplate<0,0>::ChunkAlloc内存池中没有内存，malloc申请2496个字节
【alloc.h:206】__DefaultAllocTemplate<0,0>::ChunkAlloc空间申请成功
【alloc.h:148】__DefaultAllocTemplate<0,0>::ChunkAlloc有2496个字节，足以满足需要的640个字节，可以分配20个对象
【alloc.h:245】__DefaultAllocTemplate<0,0>::Allocate二级空间配置器开辟30个字节的空间
【alloc.h:256】__DefaultAllocTemplate<0,0>::Allocate自由链表的3位置还有空的缓冲块可供使用
【alloc.h:245】__DefaultAllocTemplate<0,0>::Allocate二级空间配置器开辟30个字节的空间
【alloc.h:217】__DefaultAllocTemplate<0,0>::Refile自由链表的3位置没有空的缓冲块可供使用，填充20个
【alloc.h:148】__DefaultAllocTemplate<0,0>::ChunkAlloc有1856个字节，足以满足需要的640个字节，可以分配20个对象
【alloc.h:245】__DefaultAllocTemplate<0,0>::Allocate二级空间配置器开辟30个字节的空间
【alloc.h:256】__DefaultAllocTemplate<0,0>::Allocate自由链表的3位置还有空的缓冲块可供使用
【alloc.h:245】__DefaultAllocTemplate<0,0>::Allocate二级空间配置器开辟30个字节的空间
【alloc.h:217】__DefaultAllocTemplate<0,0>::Refile自由链表的3位置没有空的缓冲块可供使用，填充20个
【alloc.h:148】__DefaultAllocTemplate<0,0>::ChunkAlloc有1216个字节，足以满足需要的640个字节，可以分配20个对象
【alloc.h:245】__DefaultAllocTemplate<0,0>::Allocate二级空间配置器开辟30个字节的空间
【alloc.h:256】__DefaultAllocTemplate<0,0>::Allocate自由链表的3位置还有空的缓冲块可供使用
【alloc.h:245】__DefaultAllocTemplate<0,0>::Allocate二级空间配置器开辟30个字节的空间
【alloc.h:217】__DefaultAllocTemplate<0,0>::Refile自由链表的3位置没有空的缓冲块可供使用，填充20个
【alloc.h:155】__DefaultAllocTemplate<0,0>::ChunkAlloc有576个字节，不能满足需要的640个字节，只能分配20个对象
【alloc.h:245】__DefaultAllocTemplate<0,0>::Allocate二级空间配置器开辟30个字节的空间
【alloc.h:256】__DefaultAllocTemplate<0,0>::Allocate自由链表的3位置还有空的缓冲块可供使用
【alloc.h:245】__DefaultAllocTemplate<0,0>::Allocate二级空间配置器开辟30个字节的空间
【alloc.h:217】__DefaultAllocTemplate<0,0>::Refile自由链表的3位置没有空的缓冲块可供使用，填充20个
【alloc.h:179】__DefaultAllocTemplate<0,0>::ChunkAlloc内存池中没有内存，malloc申请2656个字节
【alloc.h:206】__DefaultAllocTemplate<0,0>::ChunkAlloc空间申请成功
【alloc.h:148】__DefaultAllocTemplate<0,0>::ChunkAlloc有2656个字节，足以满足需要的640个字节，可以分配20个对象
【alloc.h:245】__DefaultAllocTemplate<0,0>::Allocate二级空间配置器开辟30个字节的空间
【alloc.h:256】__DefaultAllocTemplate<0,0>::Allocate自由链表的3位置还有空的缓冲块可供使用
【alloc.h:245】__DefaultAllocTemplate<0,0>::Allocate二级空间配置器开辟30个字节的空间
【alloc.h:217】__DefaultAllocTemplate<0,0>::Refile自由链表的3位置没有空的缓冲块可供使用，填充20个
【alloc.h:148】__DefaultAllocTemplate<0,0>::ChunkAlloc有2016个字节，足以满足需要的640个字节，可以分配20个对象
【alloc.h:245】__DefaultAllocTemplate<0,0>::Allocate二级空间配置器开辟30个字节的空间
【alloc.h:256】__DefaultAllocTemplate<0,0>::Allocate自由链表的3位置还有空的缓冲块可供使用
【alloc.h:245】__DefaultAllocTemplate<0,0>::Allocate二级空间配置器开辟30个字节的空间
【alloc.h:217】__DefaultAllocTemplate<0,0>::Refile自由链表的3位置没有空的缓冲块可供使用，填充20个
【alloc.h:148】__DefaultAllocTemplate<0,0>::ChunkAlloc有1376个字节，足以满足需要的640个字节，可以分配20个对象
【alloc.h:245】__DefaultAllocTemplate<0,0>::Allocate二级空间配置器开辟30个字节的空间
【alloc.h:256】__DefaultAllocTemplate<0,0>::Allocate自由链表的3位置还有空的缓冲块可供使用
【alloc.h:245】__DefaultAllocTemplate<0,0>::Allocate二级空间配置器开辟30个字节的空间
【alloc.h:217】__DefaultAllocTemplate<0,0>::Refile自由链表的3位置没有空的缓冲块可供使用，填充20个
【alloc.h:148】__DefaultAllocTemplate<0,0>::ChunkAlloc有736个字节，足以满足需要的640个字节，可以分配20个对象
【alloc.h:245】__DefaultAllocTemplate<0,0>::Allocate二级空间配置器开辟30个字节的空间
【alloc.h:256】__DefaultAllocTemplate<0,0>::Allocate自由链表的3位置还有空的缓冲块可供使用
【alloc.h:245】__DefaultAllocTemplate<0,0>::Allocate二级空间配置器开辟30个字节的空间
【alloc.h:217】__DefaultAllocTemplate<0,0>::Refile自由链表的3位置没有空的缓冲块可供使用，填充20个
【alloc.h:155】__DefaultAllocTemplate<0,0>::ChunkAlloc有96个字节，不能满足需要的640个字节，只能分配20个对象
【alloc.h:245】__DefaultAllocTemplate<0,0>::Allocate二级空间配置器开辟30个字节的空间
【alloc.h:256】__DefaultAllocTemplate<0,0>::Allocate自由链表的3位置还有空的缓冲块可供使用
【alloc.h:245】__DefaultAllocTemplate<0,0>::Allocate二级空间配置器开辟30个字节的空间
【alloc.h:217】__DefaultAllocTemplate<0,0>::Refile自由链表的3位置没有空的缓冲块可供使用，填充20个
【alloc.h:179】__DefaultAllocTemplate<0,0>::ChunkAlloc内存池中没有内存，malloc申请2824个字节
【alloc.h:206】__DefaultAllocTemplate<0,0>::ChunkAlloc空间申请成功
【alloc.h:148】__DefaultAllocTemplate<0,0>::ChunkAlloc有2824个字节，足以满足需要的640个字节，可以分配20个对象
【alloc.h:245】__DefaultAllocTemplate<0,0>::Allocate二级空间配置器开辟30个字节的空间
【alloc.h:256】__DefaultAllocTemplate<0,0>::Allocate自由链表的3位置还有空的缓冲块可供使用
【alloc.h:245】__DefaultAllocTemplate<0,0>::Allocate二级空间配置器开辟30个字节的空间
【alloc.h:217】__DefaultAllocTemplate<0,0>::Refile自由链表的3位置没有空的缓冲块可供使用，填充20个
【alloc.h:148】__DefaultAllocTemplate<0,0>::ChunkAlloc有2184个字节，足以满足需要的640个字节，可以分配20个对象
【alloc.h:245】__DefaultAllocTemplate<0,0>::Allocate二级空间配置器开辟30个字节的空间
【alloc.h:256】__DefaultAllocTemplate<0,0>::Allocate自由链表的3位置还有空的缓冲块可供使用
【alloc.h:245】__DefaultAllocTemplate<0,0>::Allocate二级空间配置器开辟30个字节的空间
【alloc.h:217】__DefaultAllocTemplate<0,0>::Refile自由链表的3位置没有空的缓冲块可供使用，填充20个
【alloc.h:148】__DefaultAllocTemplate<0,0>::ChunkAlloc有1544个字节，足以满足需要的640个字节，可以分配20个对象
【alloc.h:245】__DefaultAllocTemplate<0,0>::Allocate二级空间配置器开辟30个字节的空间
【alloc.h:256】__DefaultAllocTemplate<0,0>::Allocate自由链表的3位置还有空的缓冲块可供使用
【alloc.h:245】__DefaultAllocTemplate<0,0>::Allocate二级空间配置器开辟30个字节的空间
【alloc.h:217】__DefaultAllocTemplate<0,0>::Refile自由链表的3位置没有空的缓冲块可供使用，填充20个
【alloc.h:148】__DefaultAllocTemplate<0,0>::ChunkAlloc有904个字节，足以满足需要的640个字节，可以分配20个对象
【alloc.h:245】__DefaultAllocTemplate<0,0>::Allocate二级空间配置器开辟30个字节的空间
【alloc.h:256】__DefaultAllocTemplate<0,0>::Allocate自由链表的3位置还有空的缓冲块可供使用
【alloc.h:245】__DefaultAllocTemplate<0,0>::Allocate二级空间配置器开辟30个字节的空间
【alloc.h:217】__DefaultAllocTemplate<0,0>::Refile自由链表的3位置没有空的缓冲块可供使用，填充20个
【alloc.h:155】__DefaultAllocTemplate<0,0>::ChunkAlloc有264个字节，不能满足需要的640个字节，只能分配20个对象
【alloc.h:245】__DefaultAllocTemplate<0,0>::Allocate二级空间配置器开辟30个字节的空间
【alloc.h:256】__DefaultAllocTemplate<0,0>::Allocate自由链表的3位置还有空的缓冲块可供使用
【alloc.h:245】__DefaultAllocTemplate<0,0>::Allocate二级空间配置器开辟30个字节的空间
【alloc.h:217】__DefaultAllocTemplate<0,0>::Refile自由链表的3位置没有空的缓冲块可供使用，填充20个
【alloc.h:170】__DefaultAllocTemplate<0,0>::ChunkAlloc内存池中还有内存，它将被挂在自由链表的0位置下
【alloc.h:179】__DefaultAllocTemplate<0,0>::ChunkAlloc内存池中没有内存，malloc申请3000个字节
【alloc.h:206】__DefaultAllocTemplate<0,0>::ChunkAlloc空间申请成功
【alloc.h:148】__DefaultAllocTemplate<0,0>::ChunkAlloc有3000个字节，足以满足需要的640个字节，可以分配20个对象
【alloc.h:274】__DefaultAllocTemplate<0,0>::Deallocate回收内存到自由链表中的12的位置处
【alloc.h:274】__DefaultAllocTemplate<0,0>::Deallocate回收内存到自由链表中的12的位置处
【alloc.h:274】__DefaultAllocTemplate<0,0>::Deallocate回收内存到自由链表中的12的位置处
【alloc.h:274】__DefaultAllocTemplate<0,0>::Deallocate回收内存到自由链表中的11的位置处
【alloc.h:274】__DefaultAllocTemplate<0,0>::Deallocate回收内存到自由链表中的11的位置处
【alloc.h:274】__DefaultAllocTemplate<0,0>::Deallocate回收内存到自由链表中的11的位置处
【alloc.h:274】__DefaultAllocTemplate<0,0>::Deallocate回收内存到自由链表中的11的位置处
【alloc.h:274】__DefaultAllocTemplate<0,0>::Deallocate回收内存到自由链表中的11的位置处
【alloc.h:274】__DefaultAllocTemplate<0,0>::Deallocate回收内存到自由链表中的11的位置处
【alloc.h:274】__DefaultAllocTemplate<0,0>::Deallocate回收内存到自由链表中的11的位置处
【alloc.h:274】__DefaultAllocTemplate<0,0>::Deallocate回收内存到自由链表中的11的位置处
【alloc.h:274】__DefaultAllocTemplate<0,0>::Deallocate回收内存到自由链表中的10的位置处
【alloc.h:274】__DefaultAllocTemplate<0,0>::Deallocate回收内存到自由链表中的10的位置处
【alloc.h:274】__DefaultAllocTemplate<0,0>::Deallocate回收内存到自由链表中的10的位置处
【alloc.h:274】__DefaultAllocTemplate<0,0>::Deallocate回收内存到自由链表中的10的位置处
【alloc.h:274】__DefaultAllocTemplate<0,0>::Deallocate回收内存到自由链表中的10的位置处
【alloc.h:274】__DefaultAllocTemplate<0,0>::Deallocate回收内存到自由链表中的10的位置处
【alloc.h:274】__DefaultAllocTemplate<0,0>::Deallocate回收内存到自由链表中的10的位置处
【alloc.h:274】__DefaultAllocTemplate<0,0>::Deallocate回收内存到自由链表中的10的位置处
【alloc.h:274】__DefaultAllocTemplate<0,0>::Deallocate回收内存到自由链表中的9的位置处
【alloc.h:274】__DefaultAllocTemplate<0,0>::Deallocate回收内存到自由链表中的9的位置处
【alloc.h:274】__DefaultAllocTemplate<0,0>::Deallocate回收内存到自由链表中的9的位置处
【alloc.h:274】__DefaultAllocTemplate<0,0>::Deallocate回收内存到自由链表中的9的位置处
【alloc.h:274】__DefaultAllocTemplate<0,0>::Deallocate回收内存到自由链表中的9的位置处
【alloc.h:274】__DefaultAllocTemplate<0,0>::Deallocate回收内存到自由链表中的9的位置处
【alloc.h:274】__DefaultAllocTemplate<0,0>::Deallocate回收内存到自由链表中的9的位置处
【alloc.h:274】__DefaultAllocTemplate<0,0>::Deallocate回收内存到自由链表中的9的位置处
【alloc.h:274】__DefaultAllocTemplate<0,0>::Deallocate回收内存到自由链表中的8的位置处
【alloc.h:274】__DefaultAllocTemplate<0,0>::Deallocate回收内存到自由链表中的8的位置处
【alloc.h:274】__DefaultAllocTemplate<0,0>::Deallocate回收内存到自由链表中的8的位置处
【alloc.h:274】__DefaultAllocTemplate<0,0>::Deallocate回收内存到自由链表中的8的位置处
【alloc.h:274】__DefaultAllocTemplate<0,0>::Deallocate回收内存到自由链表中的8的位置处
【alloc.h:274】__DefaultAllocTemplate<0,0>::Deallocate回收内存到自由链表中的8的位置处
【alloc.h:274】__DefaultAllocTemplate<0,0>::Deallocate回收内存到自由链表中的8的位置处
【alloc.h:274】__DefaultAllocTemplate<0,0>::Deallocate回收内存到自由链表中的8的位置处
【alloc.h:274】__DefaultAllocTemplate<0,0>::Deallocate回收内存到自由链表中的7的位置处
【alloc.h:274】__DefaultAllocTemplate<0,0>::Deallocate回收内存到自由链表中的7的位置处
【alloc.h:274】__DefaultAllocTemplate<0,0>::Deallocate回收内存到自由链表中的7的位置处
【alloc.h:274】__DefaultAllocTemplate<0,0>::Deallocate回收内存到自由链表中的7的位置处
【alloc.h:274】__DefaultAllocTemplate<0,0>::Deallocate回收内存到自由链表中的7的位置处
【alloc.h:274】__DefaultAllocTemplate<0,0>::Deallocate回收内存到自由链表中的7的位置处
【alloc.h:274】__DefaultAllocTemplate<0,0>::Deallocate回收内存到自由链表中的7的位置处
【alloc.h:274】__DefaultAllocTemplate<0,0>::Deallocate回收内存到自由链表中的7的位置处
【alloc.h:274】__DefaultAllocTemplate<0,0>::Deallocate回收内存到自由链表中的6的位置处
【alloc.h:274】__DefaultAllocTemplate<0,0>::Deallocate回收内存到自由链表中的6的位置处
【alloc.h:274】__DefaultAllocTemplate<0,0>::Deallocate回收内存到自由链表中的6的位置处
【alloc.h:274】__DefaultAllocTemplate<0,0>::Deallocate回收内存到自由链表中的6的位置处
【alloc.h:274】__DefaultAllocTemplate<0,0>::Deallocate回收内存到自由链表中的6的位置处
【alloc.h:274】__DefaultAllocTemplate<0,0>::Deallocate回收内存到自由链表中的6的位置处
【alloc.h:274】__DefaultAllocTemplate<0,0>::Deallocate回收内存到自由链表中的6的位置处
【alloc.h:274】__DefaultAllocTemplate<0,0>::Deallocate回收内存到自由链表中的6的位置处
【alloc.h:274】__DefaultAllocTemplate<0,0>::Deallocate回收内存到自由链表中的5的位置处
【alloc.h:274】__DefaultAllocTemplate<0,0>::Deallocate回收内存到自由链表中的5的位置处
【alloc.h:274】__DefaultAllocTemplate<0,0>::Deallocate回收内存到自由链表中的5的位置处
【alloc.h:274】__DefaultAllocTemplate<0,0>::Deallocate回收内存到自由链表中的5的位置处
【alloc.h:274】__DefaultAllocTemplate<0,0>::Deallocate回收内存到自由链表中的5的位置处
【alloc.h:274】__DefaultAllocTemplate<0,0>::Deallocate回收内存到自由链表中的5的位置处
【alloc.h:274】__DefaultAllocTemplate<0,0>::Deallocate回收内存到自由链表中的5的位置处
【alloc.h:274】__DefaultAllocTemplate<0,0>::Deallocate回收内存到自由链表中的5的位置处
【alloc.h:274】__DefaultAllocTemplate<0,0>::Deallocate回收内存到自由链表中的4的位置处
【alloc.h:274】__DefaultAllocTemplate<0,0>::Deallocate回收内存到自由链表中的4的位置处
【alloc.h:274】__DefaultAllocTemplate<0,0>::Deallocate回收内存到自由链表中的4的位置处
【alloc.h:274】__DefaultAllocTemplate<0,0>::Deallocate回收内存到自由链表中的4的位置处
【alloc.h:274】__DefaultAllocTemplate<0,0>::Deallocate回收内存到自由链表中的4的位置处
【alloc.h:274】__DefaultAllocTemplate<0,0>::Deallocate回收内存到自由链表中的4的位置处
【alloc.h:274】__DefaultAllocTemplate<0,0>::Deallocate回收内存到自由链表中的4的位置处
【alloc.h:274】__DefaultAllocTemplate<0,0>::Deallocate回收内存到自由链表中的4的位置处
【alloc.h:274】__DefaultAllocTemplate<0,0>::Deallocate回收内存到自由链表中的3的位置处
【alloc.h:274】__DefaultAllocTemplate<0,0>::Deallocate回收内存到自由链表中的3的位置处
【alloc.h:274】__DefaultAllocTemplate<0,0>::Deallocate回收内存到自由链表中的3的位置处
【alloc.h:274】__DefaultAllocTemplate<0,0>::Deallocate回收内存到自由链表中的3的位置处
【alloc.h:274】__DefaultAllocTemplate<0,0>::Deallocate回收内存到自由链表中的3的位置处
【alloc.h:274】__DefaultAllocTemplate<0,0>::Deallocate回收内存到自由链表中的3的位置处
【alloc.h:274】__DefaultAllocTemplate<0,0>::Deallocate回收内存到自由链表中的3的位置处
【alloc.h:274】__DefaultAllocTemplate<0,0>::Deallocate回收内存到自由链表中的3的位置处
【alloc.h:274】__DefaultAllocTemplate<0,0>::Deallocate回收内存到自由链表中的2的位置处
【alloc.h:274】__DefaultAllocTemplate<0,0>::Deallocate回收内存到自由链表中的2的位置处
【alloc.h:274】__DefaultAllocTemplate<0,0>::Deallocate回收内存到自由链表中的2的位置处
【alloc.h:274】__DefaultAllocTemplate<0,0>::Deallocate回收内存到自由链表中的2的位置处
【alloc.h:274】__DefaultAllocTemplate<0,0>::Deallocate回收内存到自由链表中的2的位置处
【alloc.h:274】__DefaultAllocTemplate<0,0>::Deallocate回收内存到自由链表中的2的位置处
【alloc.h:274】__DefaultAllocTemplate<0,0>::Deallocate回收内存到自由链表中的2的位置处
【alloc.h:274】__DefaultAllocTemplate<0,0>::Deallocate回收内存到自由链表中的2的位置处
【alloc.h:274】__DefaultAllocTemplate<0,0>::Deallocate回收内存到自由链表中的1的位置处
【alloc.h:274】__DefaultAllocTemplate<0,0>::Deallocate回收内存到自由链表中的1的位置处
【alloc.h:274】__DefaultAllocTemplate<0,0>::Deallocate回收内存到自由链表中的1的位置处
【alloc.h:274】__DefaultAllocTemplate<0,0>::Deallocate回收内存到自由链表中的1的位置处
【alloc.h:274】__DefaultAllocTemplate<0,0>::Deallocate回收内存到自由链表中的1的位置处
【alloc.h:274】__DefaultAllocTemplate<0,0>::Deallocate回收内存到自由链表中的1的位置处
【alloc.h:274】__DefaultAllocTemplate<0,0>::Deallocate回收内存到自由链表中的1的位置处
【alloc.h:274】__DefaultAllocTemplate<0,0>::Deallocate回收内存到自由链表中的1的位置处
【alloc.h:274】__DefaultAllocTemplate<0,0>::Deallocate回收内存到自由链表中的0的位置处
【alloc.h:274】__DefaultAllocTemplate<0,0>::Deallocate回收内存到自由链表中的0的位置处
【alloc.h:274】__DefaultAllocTemplate<0,0>::Deallocate回收内存到自由链表中的0的位置处
【alloc.h:274】__DefaultAllocTemplate<0,0>::Deallocate回收内存到自由链表中的0的位置处
【alloc.h:274】__DefaultAllocTemplate<0,0>::Deallocate回收内存到自由链表中的0的位置处
【alloc.h:274】__DefaultAllocTemplate<0,0>::Deallocate回收内存到自由链表中的0的位置处
【alloc.h:274】__DefaultAllocTemplate<0,0>::Deallocate回收内存到自由链表中的0的位置处
【alloc.h:274】__DefaultAllocTemplate<0,0>::Deallocate回收内存到自由链表中的0的位置处
【alloc.h:274】__DefaultAllocTemplate<0,0>::Deallocate回收内存到自由链表中的4294967295的位置处
【alloc.h:267】__DefaultAllocTemplate<0,0>::Deallocate调用一级空间配置器的释放空间的函数
【alloc.h:90】__MallocAllocTemplate<0>::Deallocate一级空间配置器释放空间0#x0059A328
【alloc.h:245】__DefaultAllocTemplate<0,0>::Allocate二级空间配置器开辟30个字节的空间
【alloc.h:256】__DefaultAllocTemplate<0,0>::Allocate自由链表的3位置还有空的缓冲块可供使用
【alloc.h:245】__DefaultAllocTemplate<0,0>::Allocate二级空间配置器开辟30个字节的空间
【alloc.h:256】__DefaultAllocTemplate<0,0>::Allocate自由链表的3位置还有空的缓冲块可供使用
【alloc.h:245】__DefaultAllocTemplate<0,0>::Allocate二级空间配置器开辟30个字节的空间
【alloc.h:256】__DefaultAllocTemplate<0,0>::Allocate自由链表的3位置还有空的缓冲块可供使用
【alloc.h:245】__DefaultAllocTemplate<0,0>::Allocate二级空间配置器开辟30个字节的空间
【alloc.h:256】__DefaultAllocTemplate<0,0>::Allocate自由链表的3位置还有空的缓冲块可供使用
【alloc.h:245】__DefaultAllocTemplate<0,0>::Allocate二级空间配置器开辟30个字节的空间
【alloc.h:256】__DefaultAllocTemplate<0,0>::Allocate自由链表的3位置还有空的缓冲块可供使用
【alloc.h:245】__DefaultAllocTemplate<0,0>::Allocate二级空间配置器开辟30个字节的空间
【alloc.h:256】__DefaultAllocTemplate<0,0>::Allocate自由链表的3位置还有空的缓冲块可供使用
【alloc.h:245】__DefaultAllocTemplate<0,0>::Allocate二级空间配置器开辟30个字节的空间
【alloc.h:256】__DefaultAllocTemplate<0,0>::Allocate自由链表的3位置还有空的缓冲块可供使用
【alloc.h:245】__DefaultAllocTemplate<0,0>::Allocate二级空间配置器开辟30个字节的空间
【alloc.h:256】__DefaultAllocTemplate<0,0>::Allocate自由链表的3位置还有空的缓冲块可供使用
【alloc.h:245】__DefaultAllocTemplate<0,0>::Allocate二级空间配置器开辟30个字节的空间
【alloc.h:256】__DefaultAllocTemplate<0,0>::Allocate自由链表的3位置还有空的缓冲块可供使用
【alloc.h:245】__DefaultAllocTemplate<0,0>::Allocate二级空间配置器开辟30个字节的空间
【alloc.h:217】__DefaultAllocTemplate<0,0>::Refile自由链表的3位置没有空的缓冲块可供使用，填充20个
【alloc.h:148】__DefaultAllocTemplate<0,0>::ChunkAlloc有2360个字节，足以满足需要的640个字节，可以分配20个对象
【alloc.h:245】__DefaultAllocTemplate<0,0>::Allocate二级空间配置器开辟30个字节的空间
【alloc.h:256】__DefaultAllocTemplate<0,0>::Allocate自由链表的3位置还有空的缓冲块可供使用
【alloc.h:245】__DefaultAllocTemplate<0,0>::Allocate二级空间配置器开辟30个字节的空间
【alloc.h:217】__DefaultAllocTemplate<0,0>::Refile自由链表的3位置没有空的缓冲块可供使用，填充20个
【alloc.h:148】__DefaultAllocTemplate<0,0>::ChunkAlloc有1720个字节，足以满足需要的640个字节，可以分配20个对象
【alloc.h:245】__DefaultAllocTemplate<0,0>::Allocate二级空间配置器开辟30个字节的空间
【alloc.h:256】__DefaultAllocTemplate<0,0>::Allocate自由链表的3位置还有空的缓冲块可供使用
【alloc.h:245】__DefaultAllocTemplate<0,0>::Allocate二级空间配置器开辟30个字节的空间
【alloc.h:217】__DefaultAllocTemplate<0,0>::Refile自由链表的3位置没有空的缓冲块可供使用，填充20个
【alloc.h:148】__DefaultAllocTemplate<0,0>::ChunkAlloc有1080个字节，足以满足需要的640个字节，可以分配20个对象
【alloc.h:245】__DefaultAllocTemplate<0,0>::Allocate二级空间配置器开辟30个字节的空间
【alloc.h:256】__DefaultAllocTemplate<0,0>::Allocate自由链表的3位置还有空的缓冲块可供使用
【alloc.h:245】__DefaultAllocTemplate<0,0>::Allocate二级空间配置器开辟30个字节的空间
【alloc.h:217】__DefaultAllocTemplate<0,0>::Refile自由链表的3位置没有空的缓冲块可供使用，填充20个
【alloc.h:155】__DefaultAllocTemplate<0,0>::ChunkAlloc有440个字节，不能满足需要的640个字节，只能分配20个对象
【alloc.h:245】__DefaultAllocTemplate<0,0>::Allocate二级空间配置器开辟30个字节的空间
【alloc.h:256】__DefaultAllocTemplate<0,0>::Allocate自由链表的3位置还有空的缓冲块可供使用
【alloc.h:245】__DefaultAllocTemplate<0,0>::Allocate二级空间配置器开辟30个字节的空间
【alloc.h:217】__DefaultAllocTemplate<0,0>::Refile自由链表的3位置没有空的缓冲块可供使用，填充20个
【alloc.h:170】__DefaultAllocTemplate<0,0>::ChunkAlloc内存池中还有内存，它将被挂在自由链表的2位置下
【alloc.h:179】__DefaultAllocTemplate<0,0>::ChunkAlloc内存池中没有内存，malloc申请369288个字节
【alloc.h:206】__DefaultAllocTemplate<0,0>::ChunkAlloc空间申请成功
【alloc.h:148】__DefaultAllocTemplate<0,0>::ChunkAlloc有369288个字节，足以满足需要的640个字节，可以分配20个对象
【alloc.h:245】__DefaultAllocTemplate<0,0>::Allocate二级空间配置器开辟30个字节的空间
【alloc.h:256】__DefaultAllocTemplate<0,0>::Allocate自由链表的3位置还有空的缓冲块可供使用
【alloc.h:245】__DefaultAllocTemplate<0,0>::Allocate二级空间配置器开辟30个字节的空间
【alloc.h:217】__DefaultAllocTemplate<0,0>::Refile自由链表的3位置没有空的缓冲块可供使用，填充20个
【alloc.h:148】__DefaultAllocTemplate<0,0>::ChunkAlloc有368648个字节，足以满足需要的640个字节，可以分配20个对象
【alloc.h:245】__DefaultAllocTemplate<0,0>::Allocate二级空间配置器开辟30个字节的空间
【alloc.h:256】__DefaultAllocTemplate<0,0>::Allocate自由链表的3位置还有空的缓冲块可供使用
【alloc.h:245】__DefaultAllocTemplate<0,0>::Allocate二级空间配置器开辟30个字节的空间
【alloc.h:217】__DefaultAllocTemplate<0,0>::Refile自由链表的3位置没有空的缓冲块可供使用，填充20个
【alloc.h:148】__DefaultAllocTemplate<0,0>::ChunkAlloc有368008个字节，足以满足需要的640个字节，可以分配20个对象
【alloc.h:245】__DefaultAllocTemplate<0,0>::Allocate二级空间配置器开辟30个字节的空间
【alloc.h:256】__DefaultAllocTemplate<0,0>::Allocate自由链表的3位置还有空的缓冲块可供使用
【alloc.h:245】__DefaultAllocTemplate<0,0>::Allocate二级空间配置器开辟30个字节的空间
【alloc.h:217】__DefaultAllocTemplate<0,0>::Refile自由链表的3位置没有空的缓冲块可供使用，填充20个
【alloc.h:148】__DefaultAllocTemplate<0,0>::ChunkAlloc有367368个字节，足以满足需要的640个字节，可以分配20个对象
【alloc.h:245】__DefaultAllocTemplate<0,0>::Allocate二级空间配置器开辟30个字节的空间
【alloc.h:256】__DefaultAllocTemplate<0,0>::Allocate自由链表的3位置还有空的缓冲块可供使用
【alloc.h:245】__DefaultAllocTemplate<0,0>::Allocate二级空间配置器开辟30个字节的空间
【alloc.h:217】__DefaultAllocTemplate<0,0>::Refile自由链表的3位置没有空的缓冲块可供使用，填充20个
【alloc.h:148】__DefaultAllocTemplate<0,0>::ChunkAlloc有366728个字节，足以满足需要的640个字节，可以分配20个对象
【alloc.h:245】__DefaultAllocTemplate<0,0>::Allocate二级空间配置器开辟30个字节的空间
【alloc.h:256】__DefaultAllocTemplate<0,0>::Allocate自由链表的3位置还有空的缓冲块可供使用
【alloc.h:245】__DefaultAllocTemplate<0,0>::Allocate二级空间配置器开辟30个字节的空间
【alloc.h:217】__DefaultAllocTemplate<0,0>::Refile自由链表的3位置没有空的缓冲块可供使用，填充20个
【alloc.h:148】__DefaultAllocTemplate<0,0>::ChunkAlloc有366088个字节，足以满足需要的640个字节，可以分配20个对象
【alloc.h:245】__DefaultAllocTemplate<0,0>::Allocate二级空间配置器开辟30个字节的空间
【alloc.h:256】__DefaultAllocTemplate<0,0>::Allocate自由链表的3位置还有空的缓冲块可供使用
【alloc.h:245】__DefaultAllocTemplate<0,0>::Allocate二级空间配置器开辟30个字节的空间
【alloc.h:217】__DefaultAllocTemplate<0,0>::Refile自由链表的3位置没有空的缓冲块可供使用，填充20个
【alloc.h:148】__DefaultAllocTemplate<0,0>::ChunkAlloc有365448个字节，足以满足需要的640个字节，可以分配20个对象
【alloc.h:245】__DefaultAllocTemplate<0,0>::Allocate二级空间配置器开辟30个字节的空间
【alloc.h:256】__DefaultAllocTemplate<0,0>::Allocate自由链表的3位置还有空的缓冲块可供使用
【alloc.h:245】__DefaultAllocTemplate<0,0>::Allocate二级空间配置器开辟30个字节的空间
【alloc.h:217】__DefaultAllocTemplate<0,0>::Refile自由链表的3位置没有空的缓冲块可供使用，填充20个
【alloc.h:148】__DefaultAllocTemplate<0,0>::ChunkAlloc有364808个字节，足以满足需要的640个字节，可以分配20个对象
【alloc.h:245】__DefaultAllocTemplate<0,0>::Allocate二级空间配置器开辟30个字节的空间
【alloc.h:256】__DefaultAllocTemplate<0,0>::Allocate自由链表的3位置还有空的缓冲块可供使用
【alloc.h:245】__DefaultAllocTemplate<0,0>::Allocate二级空间配置器开辟30个字节的空间
【alloc.h:217】__DefaultAllocTemplate<0,0>::Refile自由链表的3位置没有空的缓冲块可供使用，填充20个
【alloc.h:148】__DefaultAllocTemplate<0,0>::ChunkAlloc有364168个字节，足以满足需要的640个字节，可以分配20个对象
【alloc.h:245】__DefaultAllocTemplate<0,0>::Allocate二级空间配置器开辟30个字节的空间
【alloc.h:256】__DefaultAllocTemplate<0,0>::Allocate自由链表的3位置还有空的缓冲块可供使用
【alloc.h:245】__DefaultAllocTemplate<0,0>::Allocate二级空间配置器开辟30个字节的空间
【alloc.h:217】__DefaultAllocTemplate<0,0>::Refile自由链表的3位置没有空的缓冲块可供使用，填充20个
【alloc.h:148】__DefaultAllocTemplate<0,0>::ChunkAlloc有363528个字节，足以满足需要的640个字节，可以分配20个对象
【alloc.h:245】__DefaultAllocTemplate<0,0>::Allocate二级空间配置器开辟30个字节的空间
【alloc.h:256】__DefaultAllocTemplate<0,0>::Allocate自由链表的3位置还有空的缓冲块可供使用
【alloc.h:245】__DefaultAllocTemplate<0,0>::Allocate二级空间配置器开辟30个字节的空间
【alloc.h:217】__DefaultAllocTemplate<0,0>::Refile自由链表的3位置没有空的缓冲块可供使用，填充20个
【alloc.h:148】__DefaultAllocTemplate<0,0>::ChunkAlloc有362888个字节，足以满足需要的640个字节，可以分配20个对象
【alloc.h:245】__DefaultAllocTemplate<0,0>::Allocate二级空间配置器开辟30个字节的空间
【alloc.h:256】__DefaultAllocTemplate<0,0>::Allocate自由链表的3位置还有空的缓冲块可供使用
【alloc.h:245】__DefaultAllocTemplate<0,0>::Allocate二级空间配置器开辟30个字节的空间
【alloc.h:217】__DefaultAllocTemplate<0,0>::Refile自由链表的3位置没有空的缓冲块可供使用，填充20个
【alloc.h:148】__DefaultAllocTemplate<0,0>::ChunkAlloc有362248个字节，足以满足需要的640个字节，可以分配20个对象
【alloc.h:245】__DefaultAllocTemplate<0,0>::Allocate二级空间配置器开辟30个字节的空间
【alloc.h:256】__DefaultAllocTemplate<0,0>::Allocate自由链表的3位置还有空的缓冲块可供使用
【alloc.h:245】__DefaultAllocTemplate<0,0>::Allocate二级空间配置器开辟30个字节的空间
【alloc.h:217】__DefaultAllocTemplate<0,0>::Refile自由链表的3位置没有空的缓冲块可供使用，填充20个
【alloc.h:148】__DefaultAllocTemplate<0,0>::ChunkAlloc有361608个字节，足以满足需要的640个字节，可以分配20个对象
【alloc.h:245】__DefaultAllocTemplate<0,0>::Allocate二级空间配置器开辟30个字节的空间
【alloc.h:256】__DefaultAllocTemplate<0,0>::Allocate自由链表的3位置还有空的缓冲块可供使用
【alloc.h:245】__DefaultAllocTemplate<0,0>::Allocate二级空间配置器开辟30个字节的空间
【alloc.h:217】__DefaultAllocTemplate<0,0>::Refile自由链表的3位置没有空的缓冲块可供使用，填充20个
【alloc.h:148】__DefaultAllocTemplate<0,0>::ChunkAlloc有360968个字节，足以满足需要的640个字节，可以分配20个对象
【alloc.h:245】__DefaultAllocTemplate<0,0>::Allocate二级空间配置器开辟30个字节的空间
【alloc.h:256】__DefaultAllocTemplate<0,0>::Allocate自由链表的3位置还有空的缓冲块可供使用
【alloc.h:245】__DefaultAllocTemplate<0,0>::Allocate二级空间配置器开辟30个字节的空间
【alloc.h:217】__DefaultAllocTemplate<0,0>::Refile自由链表的3位置没有空的缓冲块可供使用，填充20个
【alloc.h:148】__DefaultAllocTemplate<0,0>::ChunkAlloc有360328个字节，足以满足需要的640个字节，可以分配20个对象
【alloc.h:245】__DefaultAllocTemplate<0,0>::Allocate二级空间配置器开辟30个字节的空间
【alloc.h:256】__DefaultAllocTemplate<0,0>::Allocate自由链表的3位置还有空的缓冲块可供使用
【alloc.h:245】__DefaultAllocTemplate<0,0>::Allocate二级空间配置器开辟30个字节的空间
【alloc.h:217】__DefaultAllocTemplate<0,0>::Refile自由链表的3位置没有空的缓冲块可供使用，填充20个
【alloc.h:148】__DefaultAllocTemplate<0,0>::ChunkAlloc有359688个字节，足以满足需要的640个字节，可以分配20个对象
【alloc.h:245】__DefaultAllocTemplate<0,0>::Allocate二级空间配置器开辟30个字节的空间
【alloc.h:256】__DefaultAllocTemplate<0,0>::Allocate自由链表的3位置还有空的缓冲块可供使用
【alloc.h:245】__DefaultAllocTemplate<0,0>::Allocate二级空间配置器开辟30个字节的空间
【alloc.h:217】__DefaultAllocTemplate<0,0>::Refile自由链表的3位置没有空的缓冲块可供使用，填充20个
【alloc.h:148】__DefaultAllocTemplate<0,0>::ChunkAlloc有359048个字节，足以满足需要的640个字节，可以分配20个对象
【alloc.h:245】__DefaultAllocTemplate<0,0>::Allocate二级空间配置器开辟30个字节的空间
【alloc.h:256】__DefaultAllocTemplate<0,0>::Allocate自由链表的3位置还有空的缓冲块可供使用
【alloc.h:245】__DefaultAllocTemplate<0,0>::Allocate二级空间配置器开辟30个字节的空间
【alloc.h:217】__DefaultAllocTemplate<0,0>::Refile自由链表的3位置没有空的缓冲块可供使用，填充20个
【alloc.h:148】__DefaultAllocTemplate<0,0>::ChunkAlloc有358408个字节，足以满足需要的640个字节，可以分配20个对象
【alloc.h:245】__DefaultAllocTemplate<0,0>::Allocate二级空间配置器开辟30个字节的空间
【alloc.h:256】__DefaultAllocTemplate<0,0>::Allocate自由链表的3位置还有空的缓冲块可供使用
【alloc.h:245】__DefaultAllocTemplate<0,0>::Allocate二级空间配置器开辟30个字节的空间
【alloc.h:217】__DefaultAllocTemplate<0,0>::Refile自由链表的3位置没有空的缓冲块可供使用，填充20个
【alloc.h:148】__DefaultAllocTemplate<0,0>::ChunkAlloc有357768个字节，足以满足需要的640个字节，可以分配20个对象
【alloc.h:245】__DefaultAllocTemplate<0,0>::Allocate二级空间配置器开辟30个字节的空间
【alloc.h:256】__DefaultAllocTemplate<0,0>::Allocate自由链表的3位置还有空的缓冲块可供使用
【alloc.h:245】__DefaultAllocTemplate<0,0>::Allocate二级空间配置器开辟30个字节的空间
【alloc.h:217】__DefaultAllocTemplate<0,0>::Refile自由链表的3位置没有空的缓冲块可供使用，填充20个
【alloc.h:148】__DefaultAllocTemplate<0,0>::ChunkAlloc有357128个字节，足以满足需要的640个字节，可以分配20个对象
【alloc.h:245】__DefaultAllocTemplate<0,0>::Allocate二级空间配置器开辟30个字节的空间
【alloc.h:256】__DefaultAllocTemplate<0,0>::Allocate自由链表的3位置还有空的缓冲块可供使用
【alloc.h:245】__DefaultAllocTemplate<0,0>::Allocate二级空间配置器开辟30个字节的空间
【alloc.h:217】__DefaultAllocTemplate<0,0>::Refile自由链表的3位置没有空的缓冲块可供使用，填充20个
【alloc.h:148】__DefaultAllocTemplate<0,0>::ChunkAlloc有356488个字节，足以满足需要的640个字节，可以分配20个对象
【alloc.h:245】__DefaultAllocTemplate<0,0>::Allocate二级空间配置器开辟30个字节的空间
【alloc.h:256】__DefaultAllocTemplate<0,0>::Allocate自由链表的3位置还有空的缓冲块可供使用
【alloc.h:245】__DefaultAllocTemplate<0,0>::Allocate二级空间配置器开辟30个字节的空间
【alloc.h:217】__DefaultAllocTemplate<0,0>::Refile自由链表的3位置没有空的缓冲块可供使用，填充20个
【alloc.h:148】__DefaultAllocTemplate<0,0>::ChunkAlloc有355848个字节，足以满足需要的640个字节，可以分配20个对象
【alloc.h:245】__DefaultAllocTemplate<0,0>::Allocate二级空间配置器开辟30个字节的空间
【alloc.h:256】__DefaultAllocTemplate<0,0>::Allocate自由链表的3位置还有空的缓冲块可供使用
【alloc.h:245】__DefaultAllocTemplate<0,0>::Allocate二级空间配置器开辟30个字节的空间
【alloc.h:217】__DefaultAllocTemplate<0,0>::Refile自由链表的3位置没有空的缓冲块可供使用，填充20个
【alloc.h:148】__DefaultAllocTemplate<0,0>::ChunkAlloc有355208个字节，足以满足需要的640个字节，可以分配20个对象
【alloc.h:245】__DefaultAllocTemplate<0,0>::Allocate二级空间配置器开辟30个字节的空间
【alloc.h:256】__DefaultAllocTemplate<0,0>::Allocate自由链表的3位置还有空的缓冲块可供使用
【alloc.h:245】__DefaultAllocTemplate<0,0>::Allocate二级空间配置器开辟30个字节的空间
【alloc.h:217】__DefaultAllocTemplate<0,0>::Refile自由链表的3位置没有空的缓冲块可供使用，填充20个
【alloc.h:148】__DefaultAllocTemplate<0,0>::ChunkAlloc有354568个字节，足以满足需要的640个字节，可以分配20个对象
【alloc.h:245】__DefaultAllocTemplate<0,0>::Allocate二级空间配置器开辟30个字节的空间
【alloc.h:256】__DefaultAllocTemplate<0,0>::Allocate自由链表的3位置还有空的缓冲块可供使用
【alloc.h:245】__DefaultAllocTemplate<0,0>::Allocate二级空间配置器开辟30个字节的空间
【alloc.h:217】__DefaultAllocTemplate<0,0>::Refile自由链表的3位置没有空的缓冲块可供使用，填充20个
【alloc.h:148】__DefaultAllocTemplate<0,0>::ChunkAlloc有353928个字节，足以满足需要的640个字节，可以分配20个对象
【alloc.h:245】__DefaultAllocTemplate<0,0>::Allocate二级空间配置器开辟30个字节的空间
【alloc.h:256】__DefaultAllocTemplate<0,0>::Allocate自由链表的3位置还有空的缓冲块可供使用
【alloc.h:245】__DefaultAllocTemplate<0,0>::Allocate二级空间配置器开辟30个字节的空间
【alloc.h:217】__DefaultAllocTemplate<0,0>::Refile自由链表的3位置没有空的缓冲块可供使用，填充20个
【alloc.h:148】__DefaultAllocTemplate<0,0>::ChunkAlloc有353288个字节，足以满足需要的640个字节，可以分配20个对象
【alloc.h:245】__DefaultAllocTemplate<0,0>::Allocate二级空间配置器开辟30个字节的空间
【alloc.h:256】__DefaultAllocTemplate<0,0>::Allocate自由链表的3位置还有空的缓冲块可供使用
【alloc.h:245】__DefaultAllocTemplate<0,0>::Allocate二级空间配置器开辟30个字节的空间
【alloc.h:217】__DefaultAllocTemplate<0,0>::Refile自由链表的3位置没有空的缓冲块可供使用，填充20个
【alloc.h:148】__DefaultAllocTemplate<0,0>::ChunkAlloc有352648个字节，足以满足需要的640个字节，可以分配20个对象
【alloc.h:245】__DefaultAllocTemplate<0,0>::Allocate二级空间配置器开辟30个字节的空间
【alloc.h:256】__DefaultAllocTemplate<0,0>::Allocate自由链表的3位置还有空的缓冲块可供使用
【alloc.h:245】__DefaultAllocTemplate<0,0>::Allocate二级空间配置器开辟30个字节的空间
【alloc.h:217】__DefaultAllocTemplate<0,0>::Refile自由链表的3位置没有空的缓冲块可供使用，填充20个
【alloc.h:148】__DefaultAllocTemplate<0,0>::ChunkAlloc有352008个字节，足以满足需要的640个字节，可以分配20个对象
【alloc.h:245】__DefaultAllocTemplate<0,0>::Allocate二级空间配置器开辟30个字节的空间
【alloc.h:256】__DefaultAllocTemplate<0,0>::Allocate自由链表的3位置还有空的缓冲块可供使用
【alloc.h:245】__DefaultAllocTemplate<0,0>::Allocate二级空间配置器开辟30个字节的空间
【alloc.h:217】__DefaultAllocTemplate<0,0>::Refile自由链表的3位置没有空的缓冲块可供使用，填充20个
【alloc.h:148】__DefaultAllocTemplate<0,0>::ChunkAlloc有351368个字节，足以满足需要的640个字节，可以分配20个对象
【alloc.h:245】__DefaultAllocTemplate<0,0>::Allocate二级空间配置器开辟30个字节的空间
【alloc.h:256】__DefaultAllocTemplate<0,0>::Allocate自由链表的3位置还有空的缓冲块可供使用
【alloc.h:245】__DefaultAllocTemplate<0,0>::Allocate二级空间配置器开辟30个字节的空间
【alloc.h:217】__DefaultAllocTemplate<0,0>::Refile自由链表的3位置没有空的缓冲块可供使用，填充20个
【alloc.h:148】__DefaultAllocTemplate<0,0>::ChunkAlloc有350728个字节，足以满足需要的640个字节，可以分配20个对象
【alloc.h:245】__DefaultAllocTemplate<0,0>::Allocate二级空间配置器开辟30个字节的空间
【alloc.h:256】__DefaultAllocTemplate<0,0>::Allocate自由链表的3位置还有空的缓冲块可供使用
【alloc.h:245】__DefaultAllocTemplate<0,0>::Allocate二级空间配置器开辟30个字节的空间
【alloc.h:217】__DefaultAllocTemplate<0,0>::Refile自由链表的3位置没有空的缓冲块可供使用，填充20个
【alloc.h:148】__DefaultAllocTemplate<0,0>::ChunkAlloc有350088个字节，足以满足需要的640个字节，可以分配20个对象
【alloc.h:245】__DefaultAllocTemplate<0,0>::Allocate二级空间配置器开辟30个字节的空间
【alloc.h:256】__DefaultAllocTemplate<0,0>::Allocate自由链表的3位置还有空的缓冲块可供使用
【alloc.h:245】__DefaultAllocTemplate<0,0>::Allocate二级空间配置器开辟30个字节的空间
【alloc.h:217】__DefaultAllocTemplate<0,0>::Refile自由链表的3位置没有空的缓冲块可供使用，填充20个
【alloc.h:148】__DefaultAllocTemplate<0,0>::ChunkAlloc有349448个字节，足以满足需要的640个字节，可以分配20个对象
【alloc.h:245】__DefaultAllocTemplate<0,0>::Allocate二级空间配置器开辟30个字节的空间
【alloc.h:256】__DefaultAllocTemplate<0,0>::Allocate自由链表的3位置还有空的缓冲块可供使用
【alloc.h:245】__DefaultAllocTemplate<0,0>::Allocate二级空间配置器开辟30个字节的空间
【alloc.h:217】__DefaultAllocTemplate<0,0>::Refile自由链表的3位置没有空的缓冲块可供使用，填充20个
【alloc.h:148】__DefaultAllocTemplate<0,0>::ChunkAlloc有348808个字节，足以满足需要的640个字节，可以分配20个对象
【alloc.h:245】__DefaultAllocTemplate<0,0>::Allocate二级空间配置器开辟30个字节的空间
【alloc.h:256】__DefaultAllocTemplate<0,0>::Allocate自由链表的3位置还有空的缓冲块可供使用
【alloc.h:245】__DefaultAllocTemplate<0,0>::Allocate二级空间配置器开辟30个字节的空间
【alloc.h:217】__DefaultAllocTemplate<0,0>::Refile自由链表的3位置没有空的缓冲块可供使用，填充20个
【alloc.h:148】__DefaultAllocTemplate<0,0>::ChunkAlloc有348168个字节，足以满足需要的640个字节，可以分配20个对象
【alloc.h:245】__DefaultAllocTemplate<0,0>::Allocate二级空间配置器开辟30个字节的空间
【alloc.h:256】__DefaultAllocTemplate<0,0>::Allocate自由链表的3位置还有空的缓冲块可供使用
【alloc.h:245】__DefaultAllocTemplate<0,0>::Allocate二级空间配置器开辟30个字节的空间
【alloc.h:217】__DefaultAllocTemplate<0,0>::Refile自由链表的3位置没有空的缓冲块可供使用，填充20个
【alloc.h:148】__DefaultAllocTemplate<0,0>::ChunkAlloc有347528个字节，足以满足需要的640个字节，可以分配20个对象
【alloc.h:245】__DefaultAllocTemplate<0,0>::Allocate二级空间配置器开辟30个字节的空间
【alloc.h:256】__DefaultAllocTemplate<0,0>::Allocate自由链表的3位置还有空的缓冲块可供使用
【alloc.h:245】__DefaultAllocTemplate<0,0>::Allocate二级空间配置器开辟30个字节的空间
【alloc.h:217】__DefaultAllocTemplate<0,0>::Refile自由链表的3位置没有空的缓冲块可供使用，填充20个
【alloc.h:148】__DefaultAllocTemplate<0,0>::ChunkAlloc有346888个字节，足以满足需要的640个字节，可以分配20个对象
【alloc.h:245】__DefaultAllocTemplate<0,0>::Allocate二级空间配置器开辟30个字节的空间
【alloc.h:256】__DefaultAllocTemplate<0,0>::Allocate自由链表的3位置还有空的缓冲块可供使用
【alloc.h:245】__DefaultAllocTemplate<0,0>::Allocate二级空间配置器开辟30个字节的空间
【alloc.h:217】__DefaultAllocTemplate<0,0>::Refile自由链表的3位置没有空的缓冲块可供使用，填充20个
【alloc.h:148】__DefaultAllocTemplate<0,0>::ChunkAlloc有346248个字节，足以满足需要的640个字节，可以分配20个对象
【alloc.h:245】__DefaultAllocTemplate<0,0>::Allocate二级空间配置器开辟30个字节的空间
【alloc.h:256】__DefaultAllocTemplate<0,0>::Allocate自由链表的3位置还有空的缓冲块可供使用
【alloc.h:245】__DefaultAllocTemplate<0,0>::Allocate二级空间配置器开辟30个字节的空间
【alloc.h:217】__DefaultAllocTemplate<0,0>::Refile自由链表的3位置没有空的缓冲块可供使用，填充20个
【alloc.h:148】__DefaultAllocTemplate<0,0>::ChunkAlloc有345608个字节，足以满足需要的640个字节，可以分配20个对象
【alloc.h:245】__DefaultAllocTemplate<0,0>::Allocate二级空间配置器开辟30个字节的空间
【alloc.h:256】__DefaultAllocTemplate<0,0>::Allocate自由链表的3位置还有空的缓冲块可供使用
【alloc.h:245】__DefaultAllocTemplate<0,0>::Allocate二级空间配置器开辟30个字节的空间
【alloc.h:217】__DefaultAllocTemplate<0,0>::Refile自由链表的3位置没有空的缓冲块可供使用，填充20个
【alloc.h:148】__DefaultAllocTemplate<0,0>::ChunkAlloc有344968个字节，足以满足需要的640个字节，可以分配20个对象
【alloc.h:245】__DefaultAllocTemplate<0,0>::Allocate二级空间配置器开辟30个字节的空间
【alloc.h:256】__DefaultAllocTemplate<0,0>::Allocate自由链表的3位置还有空的缓冲块可供使用
【alloc.h:245】__DefaultAllocTemplate<0,0>::Allocate二级空间配置器开辟30个字节的空间
【alloc.h:217】__DefaultAllocTemplate<0,0>::Refile自由链表的3位置没有空的缓冲块可供使用，填充20个
【alloc.h:148】__DefaultAllocTemplate<0,0>::ChunkAlloc有344328个字节，足以满足需要的640个字节，可以分配20个对象
【alloc.h:245】__DefaultAllocTemplate<0,0>::Allocate二级空间配置器开辟30个字节的空间
【alloc.h:256】__DefaultAllocTemplate<0,0>::Allocate自由链表的3位置还有空的缓冲块可供使用
【alloc.h:245】__DefaultAllocTemplate<0,0>::Allocate二级空间配置器开辟30个字节的空间
【alloc.h:217】__DefaultAllocTemplate<0,0>::Refile自由链表的3位置没有空的缓冲块可供使用，填充20个
【alloc.h:148】__DefaultAllocTemplate<0,0>::ChunkAlloc有343688个字节，足以满足需要的640个字节，可以分配20个对象
【alloc.h:245】__DefaultAllocTemplate<0,0>::Allocate二级空间配置器开辟30个字节的空间
【alloc.h:256】__DefaultAllocTemplate<0,0>::Allocate自由链表的3位置还有空的缓冲块可供使用
【alloc.h:245】__DefaultAllocTemplate<0,0>::Allocate二级空间配置器开辟30个字节的空间
【alloc.h:217】__DefaultAllocTemplate<0,0>::Refile自由链表的3位置没有空的缓冲块可供使用，填充20个
【alloc.h:148】__DefaultAllocTemplate<0,0>::ChunkAlloc有343048个字节，足以满足需要的640个字节，可以分配20个对象
【alloc.h:274】__DefaultAllocTemplate<0,0>::Deallocate回收内存到自由链表中的12的位置处
【alloc.h:274】__DefaultAllocTemplate<0,0>::Deallocate回收内存到自由链表中的12的位置处
【alloc.h:274】__DefaultAllocTemplate<0,0>::Deallocate回收内存到自由链表中的12的位置处
【alloc.h:274】__DefaultAllocTemplate<0,0>::Deallocate回收内存到自由链表中的11的位置处
【alloc.h:274】__DefaultAllocTemplate<0,0>::Deallocate回收内存到自由链表中的11的位置处
【alloc.h:274】__DefaultAllocTemplate<0,0>::Deallocate回收内存到自由链表中的11的位置处
【alloc.h:274】__DefaultAllocTemplate<0,0>::Deallocate回收内存到自由链表中的11的位置处
【alloc.h:274】__DefaultAllocTemplate<0,0>::Deallocate回收内存到自由链表中的11的位置处
【alloc.h:274】__DefaultAllocTemplate<0,0>::Deallocate回收内存到自由链表中的11的位置处
【alloc.h:274】__DefaultAllocTemplate<0,0>::Deallocate回收内存到自由链表中的11的位置处
【alloc.h:274】__DefaultAllocTemplate<0,0>::Deallocate回收内存到自由链表中的11的位置处
【alloc.h:274】__DefaultAllocTemplate<0,0>::Deallocate回收内存到自由链表中的10的位置处
【alloc.h:274】__DefaultAllocTemplate<0,0>::Deallocate回收内存到自由链表中的10的位置处
【alloc.h:274】__DefaultAllocTemplate<0,0>::Deallocate回收内存到自由链表中的10的位置处
【alloc.h:274】__DefaultAllocTemplate<0,0>::Deallocate回收内存到自由链表中的10的位置处
【alloc.h:274】__DefaultAllocTemplate<0,0>::Deallocate回收内存到自由链表中的10的位置处
【alloc.h:274】__DefaultAllocTemplate<0,0>::Deallocate回收内存到自由链表中的10的位置处
【alloc.h:274】__DefaultAllocTemplate<0,0>::Deallocate回收内存到自由链表中的10的位置处
【alloc.h:274】__DefaultAllocTemplate<0,0>::Deallocate回收内存到自由链表中的10的位置处
【alloc.h:274】__DefaultAllocTemplate<0,0>::Deallocate回收内存到自由链表中的9的位置处
【alloc.h:274】__DefaultAllocTemplate<0,0>::Deallocate回收内存到自由链表中的9的位置处
【alloc.h:274】__DefaultAllocTemplate<0,0>::Deallocate回收内存到自由链表中的9的位置处
【alloc.h:274】__DefaultAllocTemplate<0,0>::Deallocate回收内存到自由链表中的9的位置处
【alloc.h:274】__DefaultAllocTemplate<0,0>::Deallocate回收内存到自由链表中的9的位置处
【alloc.h:274】__DefaultAllocTemplate<0,0>::Deallocate回收内存到自由链表中的9的位置处
【alloc.h:274】__DefaultAllocTemplate<0,0>::Deallocate回收内存到自由链表中的9的位置处
【alloc.h:274】__DefaultAllocTemplate<0,0>::Deallocate回收内存到自由链表中的9的位置处
【alloc.h:274】__DefaultAllocTemplate<0,0>::Deallocate回收内存到自由链表中的8的位置处
【alloc.h:274】__DefaultAllocTemplate<0,0>::Deallocate回收内存到自由链表中的8的位置处
【alloc.h:274】__DefaultAllocTemplate<0,0>::Deallocate回收内存到自由链表中的8的位置处
【alloc.h:274】__DefaultAllocTemplate<0,0>::Deallocate回收内存到自由链表中的8的位置处
【alloc.h:274】__DefaultAllocTemplate<0,0>::Deallocate回收内存到自由链表中的8的位置处
【alloc.h:274】__DefaultAllocTemplate<0,0>::Deallocate回收内存到自由链表中的8的位置处
【alloc.h:274】__DefaultAllocTemplate<0,0>::Deallocate回收内存到自由链表中的8的位置处
【alloc.h:274】__DefaultAllocTemplate<0,0>::Deallocate回收内存到自由链表中的8的位置处
【alloc.h:274】__DefaultAllocTemplate<0,0>::Deallocate回收内存到自由链表中的7的位置处
【alloc.h:274】__DefaultAllocTemplate<0,0>::Deallocate回收内存到自由链表中的7的位置处
【alloc.h:274】__DefaultAllocTemplate<0,0>::Deallocate回收内存到自由链表中的7的位置处
【alloc.h:274】__DefaultAllocTemplate<0,0>::Deallocate回收内存到自由链表中的7的位置处
【alloc.h:274】__DefaultAllocTemplate<0,0>::Deallocate回收内存到自由链表中的7的位置处
【alloc.h:274】__DefaultAllocTemplate<0,0>::Deallocate回收内存到自由链表中的7的位置处
【alloc.h:274】__DefaultAllocTemplate<0,0>::Deallocate回收内存到自由链表中的7的位置处
【alloc.h:274】__DefaultAllocTemplate<0,0>::Deallocate回收内存到自由链表中的7的位置处
【alloc.h:274】__DefaultAllocTemplate<0,0>::Deallocate回收内存到自由链表中的6的位置处
【alloc.h:274】__DefaultAllocTemplate<0,0>::Deallocate回收内存到自由链表中的6的位置处
【alloc.h:274】__DefaultAllocTemplate<0,0>::Deallocate回收内存到自由链表中的6的位置处
【alloc.h:274】__DefaultAllocTemplate<0,0>::Deallocate回收内存到自由链表中的6的位置处
【alloc.h:274】__DefaultAllocTemplate<0,0>::Deallocate回收内存到自由链表中的6的位置处
【alloc.h:274】__DefaultAllocTemplate<0,0>::Deallocate回收内存到自由链表中的6的位置处
【alloc.h:274】__DefaultAllocTemplate<0,0>::Deallocate回收内存到自由链表中的6的位置处
【alloc.h:274】__DefaultAllocTemplate<0,0>::Deallocate回收内存到自由链表中的6的位置处
【alloc.h:274】__DefaultAllocTemplate<0,0>::Deallocate回收内存到自由链表中的5的位置处
【alloc.h:274】__DefaultAllocTemplate<0,0>::Deallocate回收内存到自由链表中的5的位置处
【alloc.h:274】__DefaultAllocTemplate<0,0>::Deallocate回收内存到自由链表中的5的位置处
【alloc.h:274】__DefaultAllocTemplate<0,0>::Deallocate回收内存到自由链表中的5的位置处
【alloc.h:274】__DefaultAllocTemplate<0,0>::Deallocate回收内存到自由链表中的5的位置处
【alloc.h:274】__DefaultAllocTemplate<0,0>::Deallocate回收内存到自由链表中的5的位置处
【alloc.h:274】__DefaultAllocTemplate<0,0>::Deallocate回收内存到自由链表中的5的位置处
【alloc.h:274】__DefaultAllocTemplate<0,0>::Deallocate回收内存到自由链表中的5的位置处
【alloc.h:274】__DefaultAllocTemplate<0,0>::Deallocate回收内存到自由链表中的4的位置处
【alloc.h:274】__DefaultAllocTemplate<0,0>::Deallocate回收内存到自由链表中的4的位置处
【alloc.h:274】__DefaultAllocTemplate<0,0>::Deallocate回收内存到自由链表中的4的位置处
【alloc.h:274】__DefaultAllocTemplate<0,0>::Deallocate回收内存到自由链表中的4的位置处
【alloc.h:274】__DefaultAllocTemplate<0,0>::Deallocate回收内存到自由链表中的4的位置处
【alloc.h:274】__DefaultAllocTemplate<0,0>::Deallocate回收内存到自由链表中的4的位置处
【alloc.h:274】__DefaultAllocTemplate<0,0>::Deallocate回收内存到自由链表中的4的位置处
【alloc.h:274】__DefaultAllocTemplate<0,0>::Deallocate回收内存到自由链表中的4的位置处
【alloc.h:274】__DefaultAllocTemplate<0,0>::Deallocate回收内存到自由链表中的3的位置处
【alloc.h:274】__DefaultAllocTemplate<0,0>::Deallocate回收内存到自由链表中的3的位置处
【alloc.h:274】__DefaultAllocTemplate<0,0>::Deallocate回收内存到自由链表中的3的位置处
【alloc.h:274】__DefaultAllocTemplate<0,0>::Deallocate回收内存到自由链表中的3的位置处
【alloc.h:274】__DefaultAllocTemplate<0,0>::Deallocate回收内存到自由链表中的3的位置处
【alloc.h:274】__DefaultAllocTemplate<0,0>::Deallocate回收内存到自由链表中的3的位置处
【alloc.h:274】__DefaultAllocTemplate<0,0>::Deallocate回收内存到自由链表中的3的位置处
【alloc.h:274】__DefaultAllocTemplate<0,0>::Deallocate回收内存到自由链表中的3的位置处
【alloc.h:274】__DefaultAllocTemplate<0,0>::Dealloca